<?xml version="1.0" encoding="UTF-8"?>
<!-- Generated by org.testng.reporters.JUnitXMLReporter -->
<testsuite ignored="0" hostname="LAPTOP-BU4D1PCQ" failures="0" tests="2" name="SmokeTest" time="34.714" errors="0" timestamp="22 Mar 2022 16:50:01 GMT">
  <testcase classname="tinyPulse.user.Settings.AddPeoplePageTest" name="AddPeople_01_AddPeopleSuccessful" time="3.497"/>
  <testcase classname="tinyPulse.user.LoginPageTest" name="Login_01_UserLogInSuccessful" time="7.112"/>
</testsuite> <!-- SmokeTest -->
